<?xml version="1.0" encoding="UTF-8"?>
<!-- Generated by org.testng.reporters.JUnitReportReporter -->
<testsuite hostname="DESKTOP-928EH6B" failures="0" tests="4" name="com.testscenarios.JRI_TS002_Signin" time="159.536" errors="0" timestamp="2022-03-23T14:10:37 EDT" skipped="0">
  <testcase classname="com.testscenarios.JRI_TS002_Signin" name="TC_009" time="26.881"/>
  <system-out/>
  <testcase classname="com.testscenarios.JRI_TS002_Signin" name="TC_006" time="1.010"/>
  <system-out/>
  <testcase classname="com.testscenarios.JRI_TS002_Signin" name="TC_007_008" time="19.139"/>
  <system-out/>
  <testcase classname="com.testscenarios.JRI_TS002_Signin" name="TC_010" time="112.506"/>
  <system-out/>
</testsuite> <!-- com.testscenarios.JRI_TS002_Signin -->
