<?xml version="1.0" encoding="UTF-8"?>
<!-- Generated by org.testng.reporters.JUnitReportReporter -->
<testsuite hostname="DESKTOP-928EH6B" failures="0" tests="2" name="com.testscenarios.JRI_TS001_Createuseraccount" time="54.282" errors="0" timestamp="2022-03-15T10:42:02 EDT" skipped="0">
  <testcase classname="com.testscenarios.JRI_TS001_Createuseraccount" name="TC_004" time="39.966"/>
  <system-out/>
  <testcase classname="com.testscenarios.JRI_TS001_Createuseraccount" name="TC_005" time="14.316"/>
  <system-out/>
</testsuite> <!-- com.testscenarios.JRI_TS001_Createuseraccount -->
