<?xml version="1.0" encoding="UTF-8"?>
<!-- Generated by org.testng.reporters.JUnitReportReporter -->
<testsuite hostname="DESKTOP-928EH6B" failures="0" tests="1" name="com.testscenarios.Facebooklogin" time="16.944" errors="0" timestamp="2022-03-07T10:21:49 EST" skipped="0">
  <testcase classname="com.testscenarios.Facebooklogin" name="f" time="16.944"/>
  <system-out/>
</testsuite> <!-- com.testscenarios.Facebooklogin -->
