<?xml version="1.0" encoding="UTF-8"?>
<!-- Generated by org.testng.reporters.JUnitReportReporter -->
<testsuite hostname="DESKTOP-928EH6B" failures="0" tests="1" name="com.testscenarios.Facebooklogin" time="33.485" errors="0" timestamp="2022-03-14T15:00:07 EDT" skipped="0">
  <testcase classname="com.testscenarios.Facebooklogin" name="f" time="33.485"/>
  <system-out/>
</testsuite> <!-- com.testscenarios.Facebooklogin -->
